Using pre-set license
Built from '2020.3/staging' branch; Version is '2020.3.9f1 (108be757e447) revision 1084391'; Using compiler version '192528614'; Build Type 'Release'
OS: 'Windows 10 Pro; OS build 19042.1466; Version 2009; 64bit' Language: 'ko' Physical Memory: 16239 MB
BatchMode: 1, IsHumanControllingUs: 0, StartBugReporterOnCrash: 0, Is64bit: 1, IsPro: 0

 COMMAND LINE ARGUMENTS:
C:\Program Files\2020.3.9f1\Editor\Unity.exe
-adb2
-batchMode
-noUpm
-name
AssetImportWorker0
-projectPath
C:/Users/ohhyu/Desktop/unity-tutorial/First2DUnityProject
-logFile
Logs/AssetImportWorker0.log
-srvPort
56992
Successfully changed project path to: C:/Users/ohhyu/Desktop/unity-tutorial/First2DUnityProject
C:/Users/ohhyu/Desktop/unity-tutorial/First2DUnityProject
Using Asset Import Pipeline V2.
Refreshing native plugins compatible for Editor in 54.20 ms, found 1 plugins.
Preloading 0 native plugins for Editor in 0.00 ms.
Initialize engine version: 2020.3.9f1 (108be757e447)
[Subsystems] Discovering subsystems at path C:/Program Files/2020.3.9f1/Editor/Data/Resources/UnitySubsystems
[Subsystems] Discovering subsystems at path C:/Users/ohhyu/Desktop/unity-tutorial/First2DUnityProject/Assets
GfxDevice: creating device client; threaded=0
Direct3D:
    Version:  Direct3D 11.0 [level 11.1]
    Renderer: NVIDIA GeForce MX250 (ID=0x1d13)
    Vendor:   
    VRAM:     1983 MB
    Driver:   27.21.14.6242
Initialize mono
Mono path[0] = 'C:/Program Files/2020.3.9f1/Editor/Data/Managed'
Mono path[1] = 'C:/Program Files/2020.3.9f1/Editor/Data/MonoBleedingEdge/lib/mono/unityjit'
Mono config path = 'C:/Program Files/2020.3.9f1/Editor/Data/MonoBleedingEdge/etc'
Using monoOptions --debugger-agent=transport=dt_socket,embedding=1,server=y,suspend=n,address=127.0.0.1:56504
Begin MonoManager ReloadAssembly
Registering precompiled unity dll's ...
Register platform support module: C:/Program Files/2020.3.9f1/Editor/Data/PlaybackEngines/WindowsStandaloneSupport/UnityEditor.WindowsStandalone.Extensions.dll
Registered in 0.004737 seconds.
Native extension for WindowsStandalone target not found
Refreshing native plugins compatible for Editor in 51.00 ms, found 1 plugins.
Preloading 0 native plugins for Editor in 0.00 ms.
Mono: successfully reloaded assembly
- Completed reload, in  1.953 seconds
Platform modules already initialized, skipping
Registering precompiled user dll's ...
Registered in 0.001899 seconds.
Begin MonoManager ReloadAssembly
Native extension for WindowsStandalone target not found
Refreshing native plugins compatible for Editor in 69.88 ms, found 1 plugins.
Preloading 0 native plugins for Editor in 0.00 ms.
Mono: successfully reloaded assembly
- Completed reload, in  1.899 seconds
Platform modules already initialized, skipping
========================================================================
Worker process is ready to serve import requests
Launched and connected shader compiler UnityShaderCompiler.exe after 0.08 seconds
Refreshing native plugins compatible for Editor in 0.46 ms, found 1 plugins.
Preloading 0 native plugins for Editor in 0.00 ms.
Unloading 1815 Unused Serialized files (Serialized files now loaded: 0)
System memory in use before: 87.8 MB.
System memory in use after: 87.7 MB.

Unloading 24 unused Assets to reduce memory usage. Loaded Objects now: 2258.
Total: 3.286800 ms (FindLiveObjects: 0.243400 ms CreateObjectMapping: 0.103100 ms MarkObjects: 2.745300 ms  DeleteObjects: 0.193200 ms)

========================================================================
Received Import Request.
  path: Assets/Move/MonsterMove.cs
  artifactKey: Guid(c5ef8839759d4f84fab8940355b192af) Importer(815301076,1909f56bfc062723c751e8b465ee728b)
Start importing Assets/Move/MonsterMove.cs using Guid(c5ef8839759d4f84fab8940355b192af) Importer(815301076,1909f56bfc062723c751e8b465ee728b)  -> (artifact id: '030b6922710cfd6c73435a5d5029335d') in 0.092653 seconds
  Import took 0.097404 seconds .

========================================================================
Received Prepare
Refreshing native plugins compatible for Editor in 6.60 ms, found 1 plugins.
Preloading 0 native plugins for Editor in 0.00 ms.
Unloading 10 Unused Serialized files (Serialized files now loaded: 0)
System memory in use before: 51.9 MB.
System memory in use after: 51.9 MB.

Unloading 10 unused Assets to reduce memory usage. Loaded Objects now: 2258.
Total: 2.970800 ms (FindLiveObjects: 0.215500 ms CreateObjectMapping: 0.098400 ms MarkObjects: 2.497100 ms  DeleteObjects: 0.158700 ms)

========================================================================
Received Import Request.
  Time since last request: 72.968026 seconds.
  path: Assets/Move/MonsterMove.cs
  artifactKey: Guid(c5ef8839759d4f84fab8940355b192af) Importer(815301076,1909f56bfc062723c751e8b465ee728b)
Start importing Assets/Move/MonsterMove.cs using Guid(c5ef8839759d4f84fab8940355b192af) Importer(815301076,1909f56bfc062723c751e8b465ee728b)  -> (artifact id: 'd91821bf81daf4b5cd67c935ddfcb16c') in 0.010185 seconds
  Import took 0.015387 seconds .

========================================================================
Received Import Request.
  Time since last request: 1583.405806 seconds.
  path: Assets/Move/MonsterMove.cs
  artifactKey: Guid(c5ef8839759d4f84fab8940355b192af) Importer(815301076,1909f56bfc062723c751e8b465ee728b)
Start importing Assets/Move/MonsterMove.cs using Guid(c5ef8839759d4f84fab8940355b192af) Importer(815301076,1909f56bfc062723c751e8b465ee728b)  -> (artifact id: '51011128e66c453269ad9da5db7de60e') in 0.040903 seconds
  Import took 0.053877 seconds .

========================================================================
Received Prepare
Registering precompiled user dll's ...
Registered in 0.002038 seconds.
Begin MonoManager ReloadAssembly
Native extension for WindowsStandalone target not found
Refreshing native plugins compatible for Editor in 0.44 ms, found 1 plugins.
Preloading 0 native plugins for Editor in 0.00 ms.
Mono: successfully reloaded assembly
- Completed reload, in  1.576 seconds
Platform modules already initialized, skipping
Refreshing native plugins compatible for Editor in 1.50 ms, found 1 plugins.
Preloading 0 native plugins for Editor in 0.00 ms.
Unloading 1809 Unused Serialized files (Serialized files now loaded: 0)
System memory in use before: 87.6 MB.
System memory in use after: 87.6 MB.

Unloading 12 unused Assets to reduce memory usage. Loaded Objects now: 2262.
Total: 5.862000 ms (FindLiveObjects: 0.412900 ms CreateObjectMapping: 0.175300 ms MarkObjects: 5.021700 ms  DeleteObjects: 0.249500 ms)

AssetImportWorkerClient::OnTransportError - code=2 error=End of file
